[0227/215944.873:WARNING:angle_platform_impl.cc(48)] HLSLCompiler.cpp:257 (compileToBinary): 
C:\fakepath(102,1-6): warning X4000: use of potentially uninitialized variable (dyn_index_vec4_float4)

[0227/215945.076:WARNING:angle_platform_impl.cc(48)] HLSLCompiler.cpp:257 (compileToBinary): 
C:\fakepath(125,1): warning X4000: use of potentially uninitialized variable (f_mainImage)

[0227/215945.134:WARNING:angle_platform_impl.cc(48)] HLSLCompiler.cpp:257 (compileToBinary): 
C:\fakepath(135,1): warning X4000: use of potentially uninitialized variable (f_i)
C:\fakepath(137,1): warning X4000: use of potentially uninitialized variable (f_i)
C:\fakepath(173,1): warning X4000: use of potentially uninitialized variable (f_u)

[0227/220057.899:ERROR:gpu_init.cc(426)] Passthrough is not supported, GL is disabled
[0227/230819.546:WARNING:dns_config_service_win.cc(712)] Failed to read DnsConfig.
[0227/230819.559:WARNING:dns_config_service_win.cc(712)] Failed to read DnsConfig.
[0227/230819.606:WARNING:dns_config_service_win.cc(712)] Failed to read DnsConfig.
[0227/230819.607:WARNING:dns_config_service_win.cc(712)] Failed to read DnsConfig.
[0227/230824.565:WARNING:dns_config_service_win.cc(712)] Failed to read DnsConfig.
[0227/230824.566:WARNING:dns_config_service_win.cc(712)] Failed to read DnsConfig.
[0227/230824.610:WARNING:dns_config_service_win.cc(712)] Failed to read DnsConfig.
[0227/230824.612:WARNING:dns_config_service_win.cc(712)] Failed to read DnsConfig.
[0227/230829.570:WARNING:dns_config_service_win.cc(712)] Failed to read DnsConfig.
[0227/230829.574:WARNING:dns_config_service_win.cc(712)] Failed to read DnsConfig.
[0227/230829.614:WARNING:dns_config_service_win.cc(712)] Failed to read DnsConfig.
[0227/230829.621:WARNING:dns_config_service_win.cc(712)] Failed to read DnsConfig.
[0227/230834.574:WARNING:dns_config_service_win.cc(712)] Failed to read DnsConfig.
[0227/230834.581:WARNING:dns_config_service_win.cc(712)] Failed to read DnsConfig.
[0227/230834.619:WARNING:dns_config_service_win.cc(712)] Failed to read DnsConfig.
[0227/230834.628:WARNING:dns_config_service_win.cc(712)] Failed to read DnsConfig.
[0227/230839.580:WARNING:dns_config_service_win.cc(712)] Failed to read DnsConfig.
[0227/230839.589:WARNING:dns_config_service_win.cc(712)] Failed to read DnsConfig.
[0227/230839.624:WARNING:dns_config_service_win.cc(712)] Failed to read DnsConfig.
[0227/230839.635:WARNING:dns_config_service_win.cc(712)] Failed to read DnsConfig.
[0227/230844.584:WARNING:dns_config_service_win.cc(712)] Failed to read DnsConfig.
[0227/230844.602:WARNING:dns_config_service_win.cc(712)] Failed to read DnsConfig.
[0227/230844.628:WARNING:dns_config_service_win.cc(712)] Failed to read DnsConfig.
[0227/230844.649:WARNING:dns_config_service_win.cc(712)] Failed to read DnsConfig.
[0227/230849.589:WARNING:dns_config_service_win.cc(712)] Failed to read DnsConfig.
[0227/230849.619:WARNING:dns_config_service_win.cc(712)] Failed to read DnsConfig.
[0227/230849.633:WARNING:dns_config_service_win.cc(712)] Failed to read DnsConfig.
[0227/230849.665:WARNING:dns_config_service_win.cc(712)] Failed to read DnsConfig.
[0227/230854.594:WARNING:dns_config_service_win.cc(712)] Failed to read DnsConfig.
[0227/230854.625:WARNING:dns_config_service_win.cc(712)] Failed to read DnsConfig.
[0227/230854.638:WARNING:dns_config_service_win.cc(712)] Failed to read DnsConfig.
[0227/230854.671:WARNING:dns_config_service_win.cc(712)] Failed to read DnsConfig.
[0227/230859.599:WARNING:dns_config_service_win.cc(712)] Failed to read DnsConfig.
[0227/230859.643:WARNING:dns_config_service_win.cc(712)] Failed to read DnsConfig.
[0227/230859.643:WARNING:dns_config_service_win.cc(712)] Failed to read DnsConfig.
[0227/230859.690:WARNING:dns_config_service_win.cc(712)] Failed to read DnsConfig.
[0227/230904.602:WARNING:dns_config_service_win.cc(712)] Failed to read DnsConfig.
[0227/230904.649:WARNING:dns_config_service_win.cc(712)] Failed to read DnsConfig.
[0227/230904.660:WARNING:dns_config_service_win.cc(712)] Failed to read DnsConfig.
[0227/230904.708:WARNING:dns_config_service_win.cc(712)] Failed to read DnsConfig.
[0227/230909.605:WARNING:dns_config_service_win.cc(712)] Failed to read DnsConfig.
[0227/230909.654:WARNING:dns_config_service_win.cc(712)] Failed to read DnsConfig.
[0227/230909.667:WARNING:dns_config_service_win.cc(712)] Failed to read DnsConfig.
[0227/230909.714:WARNING:dns_config_service_win.cc(712)] Failed to read DnsConfig.
[0227/230914.611:WARNING:dns_config_service_win.cc(712)] Failed to read DnsConfig.
[0227/230914.659:WARNING:dns_config_service_win.cc(712)] Failed to read DnsConfig.
[0227/230914.682:WARNING:dns_config_service_win.cc(712)] Failed to read DnsConfig.
[0227/230914.730:WARNING:dns_config_service_win.cc(712)] Failed to read DnsConfig.
[0227/230919.615:WARNING:dns_config_service_win.cc(712)] Failed to read DnsConfig.
[0227/230919.663:WARNING:dns_config_service_win.cc(712)] Failed to read DnsConfig.
[0227/230919.701:WARNING:dns_config_service_win.cc(712)] Failed to read DnsConfig.
[0227/230919.747:WARNING:dns_config_service_win.cc(712)] Failed to read DnsConfig.
[0227/230924.620:WARNING:dns_config_service_win.cc(712)] Failed to read DnsConfig.
[0227/230924.667:WARNING:dns_config_service_win.cc(712)] Failed to read DnsConfig.
[0227/230924.716:WARNING:dns_config_service_win.cc(712)] Failed to read DnsConfig.
[0227/230924.762:WARNING:dns_config_service_win.cc(712)] Failed to read DnsConfig.
[0227/230929.624:WARNING:dns_config_service_win.cc(712)] Failed to read DnsConfig.
[0227/230929.670:WARNING:dns_config_service_win.cc(712)] Failed to read DnsConfig.
[0227/230929.729:WARNING:dns_config_service_win.cc(712)] Failed to read DnsConfig.
[0227/230929.776:WARNING:dns_config_service_win.cc(712)] Failed to read DnsConfig.
[0227/230934.627:WARNING:dns_config_service_win.cc(712)] Failed to read DnsConfig.
[0227/230934.674:WARNING:dns_config_service_win.cc(712)] Failed to read DnsConfig.
[0227/230934.739:WARNING:dns_config_service_win.cc(712)] Failed to read DnsConfig.
[0227/230934.785:WARNING:dns_config_service_win.cc(712)] Failed to read DnsConfig.
[0227/230939.631:WARNING:dns_config_service_win.cc(712)] Failed to read DnsConfig.
[0227/230939.677:WARNING:dns_config_service_win.cc(712)] Failed to read DnsConfig.
[0227/230939.746:WARNING:dns_config_service_win.cc(712)] Failed to read DnsConfig.
[0227/230939.791:WARNING:dns_config_service_win.cc(712)] Failed to read DnsConfig.
[0227/230944.635:WARNING:dns_config_service_win.cc(712)] Failed to read DnsConfig.
[0227/230944.682:WARNING:dns_config_service_win.cc(712)] Failed to read DnsConfig.
[0227/230944.758:WARNING:dns_config_service_win.cc(712)] Failed to read DnsConfig.
[0227/230944.803:WARNING:dns_config_service_win.cc(712)] Failed to read DnsConfig.
[0227/230949.639:WARNING:dns_config_service_win.cc(712)] Failed to read DnsConfig.
[0227/230949.686:WARNING:dns_config_service_win.cc(712)] Failed to read DnsConfig.
[0227/230949.764:WARNING:dns_config_service_win.cc(712)] Failed to read DnsConfig.
[0227/230949.810:WARNING:dns_config_service_win.cc(712)] Failed to read DnsConfig.
[0227/230954.643:WARNING:dns_config_service_win.cc(712)] Failed to read DnsConfig.
[0227/230954.691:WARNING:dns_config_service_win.cc(712)] Failed to read DnsConfig.
[0227/230954.776:WARNING:dns_config_service_win.cc(712)] Failed to read DnsConfig.
[0227/230954.823:WARNING:dns_config_service_win.cc(712)] Failed to read DnsConfig.
[0227/230959.648:WARNING:dns_config_service_win.cc(712)] Failed to read DnsConfig.
[0227/230959.696:WARNING:dns_config_service_win.cc(712)] Failed to read DnsConfig.
[0227/230959.793:WARNING:dns_config_service_win.cc(712)] Failed to read DnsConfig.
[0227/230959.840:WARNING:dns_config_service_win.cc(712)] Failed to read DnsConfig.
[0227/231004.653:WARNING:dns_config_service_win.cc(712)] Failed to read DnsConfig.
[0227/231004.701:WARNING:dns_config_service_win.cc(712)] Failed to read DnsConfig.
[0227/231004.803:WARNING:dns_config_service_win.cc(712)] Failed to read DnsConfig.
[0227/231004.849:WARNING:dns_config_service_win.cc(712)] Failed to read DnsConfig.
[0227/231009.656:WARNING:dns_config_service_win.cc(712)] Failed to read DnsConfig.
[0227/231009.704:WARNING:dns_config_service_win.cc(712)] Failed to read DnsConfig.
[0227/231009.813:WARNING:dns_config_service_win.cc(712)] Failed to read DnsConfig.
[0227/231009.861:WARNING:dns_config_service_win.cc(712)] Failed to read DnsConfig.
[0227/231014.660:WARNING:dns_config_service_win.cc(712)] Failed to read DnsConfig.
[0227/231014.707:WARNING:dns_config_service_win.cc(712)] Failed to read DnsConfig.
[0227/231014.835:WARNING:dns_config_service_win.cc(712)] Failed to read DnsConfig.
[0227/231014.865:WARNING:dns_config_service_win.cc(712)] Failed to read DnsConfig.
[0227/231019.665:WARNING:dns_config_service_win.cc(712)] Failed to read DnsConfig.
[0227/231019.712:WARNING:dns_config_service_win.cc(712)] Failed to read DnsConfig.
[0227/231019.843:WARNING:dns_config_service_win.cc(712)] Failed to read DnsConfig.
[0227/231019.870:WARNING:dns_config_service_win.cc(712)] Failed to read DnsConfig.
[0227/231024.670:WARNING:dns_config_service_win.cc(712)] Failed to read DnsConfig.
[0227/231024.717:WARNING:dns_config_service_win.cc(712)] Failed to read DnsConfig.
[0227/231024.861:WARNING:dns_config_service_win.cc(712)] Failed to read DnsConfig.
[0227/231024.875:WARNING:dns_config_service_win.cc(712)] Failed to read DnsConfig.
[0227/231029.673:WARNING:dns_config_service_win.cc(712)] Failed to read DnsConfig.
[0227/231029.721:WARNING:dns_config_service_win.cc(712)] Failed to read DnsConfig.
[0227/231029.882:WARNING:dns_config_service_win.cc(712)] Failed to read DnsConfig.
[0227/231034.678:WARNING:dns_config_service_win.cc(712)] Failed to read DnsConfig.
[0227/231034.726:WARNING:dns_config_service_win.cc(712)] Failed to read DnsConfig.
[0227/231034.888:WARNING:dns_config_service_win.cc(712)] Failed to read DnsConfig.
[0227/231039.684:WARNING:dns_config_service_win.cc(712)] Failed to read DnsConfig.
[0227/231039.729:WARNING:dns_config_service_win.cc(712)] Failed to read DnsConfig.
[0227/231039.899:WARNING:dns_config_service_win.cc(712)] Failed to read DnsConfig.
[0227/231044.689:WARNING:dns_config_service_win.cc(712)] Failed to read DnsConfig.
[0227/231044.733:WARNING:dns_config_service_win.cc(712)] Failed to read DnsConfig.
[0227/231044.905:WARNING:dns_config_service_win.cc(712)] Failed to read DnsConfig.
[0227/231049.692:WARNING:dns_config_service_win.cc(712)] Failed to read DnsConfig.
[0227/231049.738:WARNING:dns_config_service_win.cc(712)] Failed to read DnsConfig.
[0227/231049.924:WARNING:dns_config_service_win.cc(712)] Failed to read DnsConfig.
[0227/231054.696:WARNING:dns_config_service_win.cc(712)] Failed to read DnsConfig.
[0227/231054.740:WARNING:dns_config_service_win.cc(712)] Failed to read DnsConfig.
[0227/231054.939:WARNING:dns_config_service_win.cc(712)] Failed to read DnsConfig.
[0227/231059.700:WARNING:dns_config_service_win.cc(712)] Failed to read DnsConfig.
[0227/231059.742:WARNING:dns_config_service_win.cc(712)] Failed to read DnsConfig.
[0227/231059.946:WARNING:dns_config_service_win.cc(712)] Failed to read DnsConfig.
[0227/231104.702:WARNING:dns_config_service_win.cc(712)] Failed to read DnsConfig.
[0227/231104.745:WARNING:dns_config_service_win.cc(712)] Failed to read DnsConfig.
[0227/231104.951:WARNING:dns_config_service_win.cc(712)] Failed to read DnsConfig.
[0227/231109.707:WARNING:dns_config_service_win.cc(712)] Failed to read DnsConfig.
[0227/231109.749:WARNING:dns_config_service_win.cc(712)] Failed to read DnsConfig.
[0227/231109.965:WARNING:dns_config_service_win.cc(712)] Failed to read DnsConfig.
[0227/231114.708:WARNING:dns_config_service_win.cc(712)] Failed to read DnsConfig.
[0227/231114.751:WARNING:dns_config_service_win.cc(712)] Failed to read DnsConfig.
[0227/231114.977:WARNING:dns_config_service_win.cc(712)] Failed to read DnsConfig.
[0227/231119.712:WARNING:dns_config_service_win.cc(712)] Failed to read DnsConfig.
[0227/231119.756:WARNING:dns_config_service_win.cc(712)] Failed to read DnsConfig.
[0227/231119.981:WARNING:dns_config_service_win.cc(712)] Failed to read DnsConfig.
[0227/231124.715:WARNING:dns_config_service_win.cc(712)] Failed to read DnsConfig.
[0227/231124.759:WARNING:dns_config_service_win.cc(712)] Failed to read DnsConfig.
[0227/231124.992:WARNING:dns_config_service_win.cc(712)] Failed to read DnsConfig.
[0227/231129.718:WARNING:dns_config_service_win.cc(712)] Failed to read DnsConfig.
[0227/231129.762:WARNING:dns_config_service_win.cc(712)] Failed to read DnsConfig.
[0227/231130.005:WARNING:dns_config_service_win.cc(712)] Failed to read DnsConfig.
[0227/231134.722:WARNING:dns_config_service_win.cc(712)] Failed to read DnsConfig.
[0227/231134.765:WARNING:dns_config_service_win.cc(712)] Failed to read DnsConfig.
[0227/231135.011:WARNING:dns_config_service_win.cc(712)] Failed to read DnsConfig.
[0227/231139.725:WARNING:dns_config_service_win.cc(712)] Failed to read DnsConfig.
[0227/231139.770:WARNING:dns_config_service_win.cc(712)] Failed to read DnsConfig.
[0227/231140.029:WARNING:dns_config_service_win.cc(712)] Failed to read DnsConfig.
[0227/231144.729:WARNING:dns_config_service_win.cc(712)] Failed to read DnsConfig.
[0227/231144.772:WARNING:dns_config_service_win.cc(712)] Failed to read DnsConfig.
[0227/231145.039:WARNING:dns_config_service_win.cc(712)] Failed to read DnsConfig.
[0227/231149.731:WARNING:dns_config_service_win.cc(712)] Failed to read DnsConfig.
[0227/231149.776:WARNING:dns_config_service_win.cc(712)] Failed to read DnsConfig.
[0227/231150.055:WARNING:dns_config_service_win.cc(712)] Failed to read DnsConfig.
[0227/231154.735:WARNING:dns_config_service_win.cc(712)] Failed to read DnsConfig.
[0227/231154.779:WARNING:dns_config_service_win.cc(712)] Failed to read DnsConfig.
[0227/231155.061:WARNING:dns_config_service_win.cc(712)] Failed to read DnsConfig.
[0227/231159.739:WARNING:dns_config_service_win.cc(712)] Failed to read DnsConfig.
[0227/231159.781:WARNING:dns_config_service_win.cc(712)] Failed to read DnsConfig.
[0227/231200.077:WARNING:dns_config_service_win.cc(712)] Failed to read DnsConfig.
[0227/231204.742:WARNING:dns_config_service_win.cc(712)] Failed to read DnsConfig.
[0227/231204.785:WARNING:dns_config_service_win.cc(712)] Failed to read DnsConfig.
[0227/231205.093:WARNING:dns_config_service_win.cc(712)] Failed to read DnsConfig.
[0227/231209.746:WARNING:dns_config_service_win.cc(712)] Failed to read DnsConfig.
[0227/231209.790:WARNING:dns_config_service_win.cc(712)] Failed to read DnsConfig.
[0227/231210.108:WARNING:dns_config_service_win.cc(712)] Failed to read DnsConfig.
[0227/231214.749:WARNING:dns_config_service_win.cc(712)] Failed to read DnsConfig.
[0227/231214.794:WARNING:dns_config_service_win.cc(712)] Failed to read DnsConfig.
[0227/231215.117:WARNING:dns_config_service_win.cc(712)] Failed to read DnsConfig.
[0227/231219.752:WARNING:dns_config_service_win.cc(712)] Failed to read DnsConfig.
[0227/231219.797:WARNING:dns_config_service_win.cc(712)] Failed to read DnsConfig.
[0227/231220.125:WARNING:dns_config_service_win.cc(712)] Failed to read DnsConfig.
[0227/231224.756:WARNING:dns_config_service_win.cc(712)] Failed to read DnsConfig.
[0227/231224.801:WARNING:dns_config_service_win.cc(712)] Failed to read DnsConfig.
[0227/231225.129:WARNING:dns_config_service_win.cc(712)] Failed to read DnsConfig.
[0227/231229.758:WARNING:dns_config_service_win.cc(712)] Failed to read DnsConfig.
[0227/231229.805:WARNING:dns_config_service_win.cc(712)] Failed to read DnsConfig.
[0227/231230.133:WARNING:dns_config_service_win.cc(712)] Failed to read DnsConfig.
[0227/231234.761:WARNING:dns_config_service_win.cc(712)] Failed to read DnsConfig.
[0227/231234.808:WARNING:dns_config_service_win.cc(712)] Failed to read DnsConfig.
[0227/231235.145:WARNING:dns_config_service_win.cc(712)] Failed to read DnsConfig.
[0227/231239.766:WARNING:dns_config_service_win.cc(712)] Failed to read DnsConfig.
[0227/231239.811:WARNING:dns_config_service_win.cc(712)] Failed to read DnsConfig.
[0227/231240.155:WARNING:dns_config_service_win.cc(712)] Failed to read DnsConfig.
[0227/231244.770:WARNING:dns_config_service_win.cc(712)] Failed to read DnsConfig.
[0227/231244.815:WARNING:dns_config_service_win.cc(712)] Failed to read DnsConfig.
[0227/231245.171:WARNING:dns_config_service_win.cc(712)] Failed to read DnsConfig.
[0227/231249.772:WARNING:dns_config_service_win.cc(712)] Failed to read DnsConfig.
[0227/231249.818:WARNING:dns_config_service_win.cc(712)] Failed to read DnsConfig.
[0227/231250.178:WARNING:dns_config_service_win.cc(712)] Failed to read DnsConfig.
[0227/231254.775:WARNING:dns_config_service_win.cc(712)] Failed to read DnsConfig.
[0227/231254.822:WARNING:dns_config_service_win.cc(712)] Failed to read DnsConfig.
[0227/231255.181:WARNING:dns_config_service_win.cc(712)] Failed to read DnsConfig.
[0227/231259.779:WARNING:dns_config_service_win.cc(712)] Failed to read DnsConfig.
[0227/231259.827:WARNING:dns_config_service_win.cc(712)] Failed to read DnsConfig.
[0227/231300.191:WARNING:dns_config_service_win.cc(712)] Failed to read DnsConfig.
[0227/231304.783:WARNING:dns_config_service_win.cc(712)] Failed to read DnsConfig.
[0227/231304.830:WARNING:dns_config_service_win.cc(712)] Failed to read DnsConfig.
[0227/231305.204:WARNING:dns_config_service_win.cc(712)] Failed to read DnsConfig.
[0227/231309.785:WARNING:dns_config_service_win.cc(712)] Failed to read DnsConfig.
[0227/231309.833:WARNING:dns_config_service_win.cc(712)] Failed to read DnsConfig.
[0227/231310.213:WARNING:dns_config_service_win.cc(712)] Failed to read DnsConfig.
[0227/231314.789:WARNING:dns_config_service_win.cc(712)] Failed to read DnsConfig.
[0227/231314.836:WARNING:dns_config_service_win.cc(712)] Failed to read DnsConfig.
[0227/231315.218:WARNING:dns_config_service_win.cc(712)] Failed to read DnsConfig.
[0227/231319.792:WARNING:dns_config_service_win.cc(712)] Failed to read DnsConfig.
[0227/231319.840:WARNING:dns_config_service_win.cc(712)] Failed to read DnsConfig.
[0227/231320.230:WARNING:dns_config_service_win.cc(712)] Failed to read DnsConfig.
[0227/231324.795:WARNING:dns_config_service_win.cc(712)] Failed to read DnsConfig.
[0227/231324.842:WARNING:dns_config_service_win.cc(712)] Failed to read DnsConfig.
[0227/231325.239:WARNING:dns_config_service_win.cc(712)] Failed to read DnsConfig.
[0227/231329.799:WARNING:dns_config_service_win.cc(712)] Failed to read DnsConfig.
[0227/231329.845:WARNING:dns_config_service_win.cc(712)] Failed to read DnsConfig.
[0227/231330.256:WARNING:dns_config_service_win.cc(712)] Failed to read DnsConfig.
[0227/231334.802:WARNING:dns_config_service_win.cc(712)] Failed to read DnsConfig.
[0227/231334.849:WARNING:dns_config_service_win.cc(712)] Failed to read DnsConfig.
[0227/231335.262:WARNING:dns_config_service_win.cc(712)] Failed to read DnsConfig.
[0227/231339.806:WARNING:dns_config_service_win.cc(712)] Failed to read DnsConfig.
[0227/231339.852:WARNING:dns_config_service_win.cc(712)] Failed to read DnsConfig.
[0227/231340.272:WARNING:dns_config_service_win.cc(712)] Failed to read DnsConfig.
[0227/231344.808:WARNING:dns_config_service_win.cc(712)] Failed to read DnsConfig.
[0227/231344.856:WARNING:dns_config_service_win.cc(712)] Failed to read DnsConfig.
[0227/231345.288:WARNING:dns_config_service_win.cc(712)] Failed to read DnsConfig.
[0227/231349.813:WARNING:dns_config_service_win.cc(712)] Failed to read DnsConfig.
[0227/231349.859:WARNING:dns_config_service_win.cc(712)] Failed to read DnsConfig.
[0227/231350.304:WARNING:dns_config_service_win.cc(712)] Failed to read DnsConfig.
[0227/231354.815:WARNING:dns_config_service_win.cc(712)] Failed to read DnsConfig.
[0227/231354.862:WARNING:dns_config_service_win.cc(712)] Failed to read DnsConfig.
[0227/231355.315:WARNING:dns_config_service_win.cc(712)] Failed to read DnsConfig.
[0227/231359.819:WARNING:dns_config_service_win.cc(712)] Failed to read DnsConfig.
[0227/231359.866:WARNING:dns_config_service_win.cc(712)] Failed to read DnsConfig.
[0227/231400.324:WARNING:dns_config_service_win.cc(712)] Failed to read DnsConfig.
[0227/231404.822:WARNING:dns_config_service_win.cc(712)] Failed to read DnsConfig.
[0227/231404.869:WARNING:dns_config_service_win.cc(712)] Failed to read DnsConfig.
[0227/231405.335:WARNING:dns_config_service_win.cc(712)] Failed to read DnsConfig.
[0227/231409.824:WARNING:dns_config_service_win.cc(712)] Failed to read DnsConfig.
[0227/231409.872:WARNING:dns_config_service_win.cc(712)] Failed to read DnsConfig.
[0227/231410.343:WARNING:dns_config_service_win.cc(712)] Failed to read DnsConfig.
[0227/231414.828:WARNING:dns_config_service_win.cc(712)] Failed to read DnsConfig.
[0227/231414.876:WARNING:dns_config_service_win.cc(712)] Failed to read DnsConfig.
[0227/231415.351:WARNING:dns_config_service_win.cc(712)] Failed to read DnsConfig.
[0227/231419.833:WARNING:dns_config_service_win.cc(712)] Failed to read DnsConfig.
[0227/231419.878:WARNING:dns_config_service_win.cc(712)] Failed to read DnsConfig.
[0227/231420.361:WARNING:dns_config_service_win.cc(712)] Failed to read DnsConfig.
[0227/231424.834:WARNING:dns_config_service_win.cc(712)] Failed to read DnsConfig.
[0227/231424.882:WARNING:dns_config_service_win.cc(712)] Failed to read DnsConfig.
[0227/231425.374:WARNING:dns_config_service_win.cc(712)] Failed to read DnsConfig.
[0227/231429.839:WARNING:dns_config_service_win.cc(712)] Failed to read DnsConfig.
[0227/231429.885:WARNING:dns_config_service_win.cc(712)] Failed to read DnsConfig.
[0227/231430.390:WARNING:dns_config_service_win.cc(712)] Failed to read DnsConfig.
[0227/231434.843:WARNING:dns_config_service_win.cc(712)] Failed to read DnsConfig.
[0227/231434.888:WARNING:dns_config_service_win.cc(712)] Failed to read DnsConfig.
[0227/231435.406:WARNING:dns_config_service_win.cc(712)] Failed to read DnsConfig.
[0227/231439.847:WARNING:dns_config_service_win.cc(712)] Failed to read DnsConfig.
[0227/231439.892:WARNING:dns_config_service_win.cc(712)] Failed to read DnsConfig.
[0227/231440.414:WARNING:dns_config_service_win.cc(712)] Failed to read DnsConfig.
[0227/231444.850:WARNING:dns_config_service_win.cc(712)] Failed to read DnsConfig.
[0227/231444.895:WARNING:dns_config_service_win.cc(712)] Failed to read DnsConfig.
[0227/231445.426:WARNING:dns_config_service_win.cc(712)] Failed to read DnsConfig.
[0227/231449.853:WARNING:dns_config_service_win.cc(712)] Failed to read DnsConfig.
[0227/231449.897:WARNING:dns_config_service_win.cc(712)] Failed to read DnsConfig.
[0227/231450.440:WARNING:dns_config_service_win.cc(712)] Failed to read DnsConfig.
[0227/231454.856:WARNING:dns_config_service_win.cc(712)] Failed to read DnsConfig.
[0227/231454.900:WARNING:dns_config_service_win.cc(712)] Failed to read DnsConfig.
[0227/231455.445:WARNING:dns_config_service_win.cc(712)] Failed to read DnsConfig.
[0227/231459.858:WARNING:dns_config_service_win.cc(712)] Failed to read DnsConfig.
[0227/231459.904:WARNING:dns_config_service_win.cc(712)] Failed to read DnsConfig.
[0227/231500.452:WARNING:dns_config_service_win.cc(712)] Failed to read DnsConfig.
[0227/231504.860:WARNING:dns_config_service_win.cc(712)] Failed to read DnsConfig.
[0227/231504.908:WARNING:dns_config_service_win.cc(712)] Failed to read DnsConfig.
[0227/231505.465:WARNING:dns_config_service_win.cc(712)] Failed to read DnsConfig.
[0227/231509.862:WARNING:dns_config_service_win.cc(712)] Failed to read DnsConfig.
[0227/231509.912:WARNING:dns_config_service_win.cc(712)] Failed to read DnsConfig.
[0227/231510.474:WARNING:dns_config_service_win.cc(712)] Failed to read DnsConfig.
[0227/231514.867:WARNING:dns_config_service_win.cc(712)] Failed to read DnsConfig.
[0227/231514.916:WARNING:dns_config_service_win.cc(712)] Failed to read DnsConfig.
[0227/231515.476:WARNING:dns_config_service_win.cc(712)] Failed to read DnsConfig.
[0227/231519.870:WARNING:dns_config_service_win.cc(712)] Failed to read DnsConfig.
[0227/231519.919:WARNING:dns_config_service_win.cc(712)] Failed to read DnsConfig.
[0227/231520.480:WARNING:dns_config_service_win.cc(712)] Failed to read DnsConfig.
[0227/231524.874:WARNING:dns_config_service_win.cc(712)] Failed to read DnsConfig.
[0227/231524.922:WARNING:dns_config_service_win.cc(712)] Failed to read DnsConfig.
[0227/231525.487:WARNING:dns_config_service_win.cc(712)] Failed to read DnsConfig.
[0227/231529.878:WARNING:dns_config_service_win.cc(712)] Failed to read DnsConfig.
[0227/231529.925:WARNING:dns_config_service_win.cc(712)] Failed to read DnsConfig.
[0227/231530.496:WARNING:dns_config_service_win.cc(712)] Failed to read DnsConfig.
[0227/231534.881:WARNING:dns_config_service_win.cc(712)] Failed to read DnsConfig.
[0227/231534.930:WARNING:dns_config_service_win.cc(712)] Failed to read DnsConfig.
[0227/231535.504:WARNING:dns_config_service_win.cc(712)] Failed to read DnsConfig.
[0227/231539.884:WARNING:dns_config_service_win.cc(712)] Failed to read DnsConfig.
[0227/231539.933:WARNING:dns_config_service_win.cc(712)] Failed to read DnsConfig.
[0227/231540.521:WARNING:dns_config_service_win.cc(712)] Failed to read DnsConfig.
[0227/231544.888:WARNING:dns_config_service_win.cc(712)] Failed to read DnsConfig.
[0227/231544.935:WARNING:dns_config_service_win.cc(712)] Failed to read DnsConfig.
[0227/231545.529:WARNING:dns_config_service_win.cc(712)] Failed to read DnsConfig.
[0227/231549.891:WARNING:dns_config_service_win.cc(712)] Failed to read DnsConfig.
[0227/231549.938:WARNING:dns_config_service_win.cc(712)] Failed to read DnsConfig.
[0227/231550.532:WARNING:dns_config_service_win.cc(712)] Failed to read DnsConfig.
[0227/231554.895:WARNING:dns_config_service_win.cc(712)] Failed to read DnsConfig.
[0227/231554.941:WARNING:dns_config_service_win.cc(712)] Failed to read DnsConfig.
[0227/231555.549:WARNING:dns_config_service_win.cc(712)] Failed to read DnsConfig.
[0227/231559.899:WARNING:dns_config_service_win.cc(712)] Failed to read DnsConfig.
[0227/231559.945:WARNING:dns_config_service_win.cc(712)] Failed to read DnsConfig.
[0227/231600.566:WARNING:dns_config_service_win.cc(712)] Failed to read DnsConfig.
[0227/231604.902:WARNING:dns_config_service_win.cc(712)] Failed to read DnsConfig.
[0227/231604.950:WARNING:dns_config_service_win.cc(712)] Failed to read DnsConfig.
[0227/231605.569:WARNING:dns_config_service_win.cc(712)] Failed to read DnsConfig.
[0227/231609.905:WARNING:dns_config_service_win.cc(712)] Failed to read DnsConfig.
[0227/231609.952:WARNING:dns_config_service_win.cc(712)] Failed to read DnsConfig.
[0227/231610.577:WARNING:dns_config_service_win.cc(712)] Failed to read DnsConfig.
[0227/231614.908:WARNING:dns_config_service_win.cc(712)] Failed to read DnsConfig.
[0227/231614.955:WARNING:dns_config_service_win.cc(712)] Failed to read DnsConfig.
[0227/231615.595:WARNING:dns_config_service_win.cc(712)] Failed to read DnsConfig.
[0227/231619.911:WARNING:dns_config_service_win.cc(712)] Failed to read DnsConfig.
[0227/231619.959:WARNING:dns_config_service_win.cc(712)] Failed to read DnsConfig.
[0227/231620.598:WARNING:dns_config_service_win.cc(712)] Failed to read DnsConfig.
[0227/231624.915:WARNING:dns_config_service_win.cc(712)] Failed to read DnsConfig.
[0227/231624.962:WARNING:dns_config_service_win.cc(712)] Failed to read DnsConfig.
[0227/231625.602:WARNING:dns_config_service_win.cc(712)] Failed to read DnsConfig.
[0227/231629.920:WARNING:dns_config_service_win.cc(712)] Failed to read DnsConfig.
[0227/231629.967:WARNING:dns_config_service_win.cc(712)] Failed to read DnsConfig.
[0227/231630.615:WARNING:dns_config_service_win.cc(712)] Failed to read DnsConfig.
[0227/231634.925:WARNING:dns_config_service_win.cc(712)] Failed to read DnsConfig.
[0227/231634.968:WARNING:dns_config_service_win.cc(712)] Failed to read DnsConfig.
[0227/231635.630:WARNING:dns_config_service_win.cc(712)] Failed to read DnsConfig.
[0227/231639.926:WARNING:dns_config_service_win.cc(712)] Failed to read DnsConfig.
[0227/231639.973:WARNING:dns_config_service_win.cc(712)] Failed to read DnsConfig.
[0227/231640.647:WARNING:dns_config_service_win.cc(712)] Failed to read DnsConfig.
[0227/231644.929:WARNING:dns_config_service_win.cc(712)] Failed to read DnsConfig.
[0227/231644.976:WARNING:dns_config_service_win.cc(712)] Failed to read DnsConfig.
[0227/231645.664:WARNING:dns_config_service_win.cc(712)] Failed to read DnsConfig.
[0227/231649.934:WARNING:dns_config_service_win.cc(712)] Failed to read DnsConfig.
[0227/231649.980:WARNING:dns_config_service_win.cc(712)] Failed to read DnsConfig.
[0227/231650.681:WARNING:dns_config_service_win.cc(712)] Failed to read DnsConfig.
[0227/231654.937:WARNING:dns_config_service_win.cc(712)] Failed to read DnsConfig.
[0227/231654.983:WARNING:dns_config_service_win.cc(712)] Failed to read DnsConfig.
[0227/231655.685:WARNING:dns_config_service_win.cc(712)] Failed to read DnsConfig.
[0227/231659.940:WARNING:dns_config_service_win.cc(712)] Failed to read DnsConfig.
[0227/231659.986:WARNING:dns_config_service_win.cc(712)] Failed to read DnsConfig.
[0227/231700.690:WARNING:dns_config_service_win.cc(712)] Failed to read DnsConfig.
[0227/231704.945:WARNING:dns_config_service_win.cc(712)] Failed to read DnsConfig.
[0227/231704.990:WARNING:dns_config_service_win.cc(712)] Failed to read DnsConfig.
[0227/231705.700:WARNING:dns_config_service_win.cc(712)] Failed to read DnsConfig.
[0227/231709.949:WARNING:dns_config_service_win.cc(712)] Failed to read DnsConfig.
[0227/231709.994:WARNING:dns_config_service_win.cc(712)] Failed to read DnsConfig.
[0227/231710.705:WARNING:dns_config_service_win.cc(712)] Failed to read DnsConfig.
[0227/231714.952:WARNING:dns_config_service_win.cc(712)] Failed to read DnsConfig.
[0227/231714.998:WARNING:dns_config_service_win.cc(712)] Failed to read DnsConfig.
[0227/231715.716:WARNING:dns_config_service_win.cc(712)] Failed to read DnsConfig.
[0227/231719.955:WARNING:dns_config_service_win.cc(712)] Failed to read DnsConfig.
[0227/231720.001:WARNING:dns_config_service_win.cc(712)] Failed to read DnsConfig.
[0227/231720.720:WARNING:dns_config_service_win.cc(712)] Failed to read DnsConfig.
[0227/231724.959:WARNING:dns_config_service_win.cc(712)] Failed to read DnsConfig.
[0227/231725.005:WARNING:dns_config_service_win.cc(712)] Failed to read DnsConfig.
[0227/231725.725:WARNING:dns_config_service_win.cc(712)] Failed to read DnsConfig.
[0227/231729.963:WARNING:dns_config_service_win.cc(712)] Failed to read DnsConfig.
[0227/231730.008:WARNING:dns_config_service_win.cc(712)] Failed to read DnsConfig.
[0227/231730.735:WARNING:dns_config_service_win.cc(712)] Failed to read DnsConfig.
[0227/231734.966:WARNING:dns_config_service_win.cc(712)] Failed to read DnsConfig.
[0227/231735.012:WARNING:dns_config_service_win.cc(712)] Failed to read DnsConfig.
[0227/231735.752:WARNING:dns_config_service_win.cc(712)] Failed to read DnsConfig.
[0227/231739.969:WARNING:dns_config_service_win.cc(712)] Failed to read DnsConfig.
[0227/231740.017:WARNING:dns_config_service_win.cc(712)] Failed to read DnsConfig.
[0227/231740.764:WARNING:dns_config_service_win.cc(712)] Failed to read DnsConfig.
[0227/231744.973:WARNING:dns_config_service_win.cc(712)] Failed to read DnsConfig.
[0227/231745.022:WARNING:dns_config_service_win.cc(712)] Failed to read DnsConfig.
[0227/231745.781:WARNING:dns_config_service_win.cc(712)] Failed to read DnsConfig.
[0227/231749.975:WARNING:dns_config_service_win.cc(712)] Failed to read DnsConfig.
[0227/231750.026:WARNING:dns_config_service_win.cc(712)] Failed to read DnsConfig.
[0227/231750.784:WARNING:dns_config_service_win.cc(712)] Failed to read DnsConfig.
[0227/231754.980:WARNING:dns_config_service_win.cc(712)] Failed to read DnsConfig.
[0227/231755.029:WARNING:dns_config_service_win.cc(712)] Failed to read DnsConfig.
[0227/231755.799:WARNING:dns_config_service_win.cc(712)] Failed to read DnsConfig.
[0227/231759.983:WARNING:dns_config_service_win.cc(712)] Failed to read DnsConfig.
[0227/231800.032:WARNING:dns_config_service_win.cc(712)] Failed to read DnsConfig.
[0227/231800.802:WARNING:dns_config_service_win.cc(712)] Failed to read DnsConfig.
[0227/231804.986:WARNING:dns_config_service_win.cc(712)] Failed to read DnsConfig.
[0227/231805.036:WARNING:dns_config_service_win.cc(712)] Failed to read DnsConfig.
[0227/231805.819:WARNING:dns_config_service_win.cc(712)] Failed to read DnsConfig.
[0227/231809.990:WARNING:dns_config_service_win.cc(712)] Failed to read DnsConfig.
[0227/231810.040:WARNING:dns_config_service_win.cc(712)] Failed to read DnsConfig.
[0227/231810.825:WARNING:dns_config_service_win.cc(712)] Failed to read DnsConfig.
[0227/231814.992:WARNING:dns_config_service_win.cc(712)] Failed to read DnsConfig.
[0227/231815.044:WARNING:dns_config_service_win.cc(712)] Failed to read DnsConfig.
[0227/231815.837:WARNING:dns_config_service_win.cc(712)] Failed to read DnsConfig.
[0227/231819.994:WARNING:dns_config_service_win.cc(712)] Failed to read DnsConfig.
[0227/231820.047:WARNING:dns_config_service_win.cc(712)] Failed to read DnsConfig.
[0227/231820.841:WARNING:dns_config_service_win.cc(712)] Failed to read DnsConfig.
[0227/231824.997:WARNING:dns_config_service_win.cc(712)] Failed to read DnsConfig.
[0227/231825.049:WARNING:dns_config_service_win.cc(712)] Failed to read DnsConfig.
[0227/231825.843:WARNING:dns_config_service_win.cc(712)] Failed to read DnsConfig.
[0227/231830.001:WARNING:dns_config_service_win.cc(712)] Failed to read DnsConfig.
[0227/231830.053:WARNING:dns_config_service_win.cc(712)] Failed to read DnsConfig.
[0227/231830.855:WARNING:dns_config_service_win.cc(712)] Failed to read DnsConfig.
[0227/231835.004:WARNING:dns_config_service_win.cc(712)] Failed to read DnsConfig.
[0227/231835.057:WARNING:dns_config_service_win.cc(712)] Failed to read DnsConfig.
[0227/231835.859:WARNING:dns_config_service_win.cc(712)] Failed to read DnsConfig.
[0227/231840.007:WARNING:dns_config_service_win.cc(712)] Failed to read DnsConfig.
[0227/231840.060:WARNING:dns_config_service_win.cc(712)] Failed to read DnsConfig.
[0227/231840.875:WARNING:dns_config_service_win.cc(712)] Failed to read DnsConfig.
[0227/231845.010:WARNING:dns_config_service_win.cc(712)] Failed to read DnsConfig.
[0227/231845.063:WARNING:dns_config_service_win.cc(712)] Failed to read DnsConfig.
[0227/231845.891:WARNING:dns_config_service_win.cc(712)] Failed to read DnsConfig.
[0227/231850.013:WARNING:dns_config_service_win.cc(712)] Failed to read DnsConfig.
[0227/231850.065:WARNING:dns_config_service_win.cc(712)] Failed to read DnsConfig.
[0227/231850.905:WARNING:dns_config_service_win.cc(712)] Failed to read DnsConfig.
[0227/231855.015:WARNING:dns_config_service_win.cc(712)] Failed to read DnsConfig.
[0227/231855.070:WARNING:dns_config_service_win.cc(712)] Failed to read DnsConfig.
[0227/231855.912:WARNING:dns_config_service_win.cc(712)] Failed to read DnsConfig.
[0227/231900.020:WARNING:dns_config_service_win.cc(712)] Failed to read DnsConfig.
[0227/231900.073:WARNING:dns_config_service_win.cc(712)] Failed to read DnsConfig.
[0227/231900.929:WARNING:dns_config_service_win.cc(712)] Failed to read DnsConfig.
[0227/231905.023:WARNING:dns_config_service_win.cc(712)] Failed to read DnsConfig.
[0227/231905.077:WARNING:dns_config_service_win.cc(712)] Failed to read DnsConfig.
[0227/231905.938:WARNING:dns_config_service_win.cc(712)] Failed to read DnsConfig.
[0227/231910.026:WARNING:dns_config_service_win.cc(712)] Failed to read DnsConfig.
[0227/231910.078:WARNING:dns_config_service_win.cc(712)] Failed to read DnsConfig.
[0227/231910.951:WARNING:dns_config_service_win.cc(712)] Failed to read DnsConfig.
[0227/231915.029:WARNING:dns_config_service_win.cc(712)] Failed to read DnsConfig.
[0227/231915.082:WARNING:dns_config_service_win.cc(712)] Failed to read DnsConfig.
[0227/231915.958:WARNING:dns_config_service_win.cc(712)] Failed to read DnsConfig.
[0227/231920.033:WARNING:dns_config_service_win.cc(712)] Failed to read DnsConfig.
[0227/231920.085:WARNING:dns_config_service_win.cc(712)] Failed to read DnsConfig.
[0227/231920.976:WARNING:dns_config_service_win.cc(712)] Failed to read DnsConfig.
[0227/231925.037:WARNING:dns_config_service_win.cc(712)] Failed to read DnsConfig.
[0227/231925.088:WARNING:dns_config_service_win.cc(712)] Failed to read DnsConfig.
[0227/231925.988:WARNING:dns_config_service_win.cc(712)] Failed to read DnsConfig.
[0227/231930.040:WARNING:dns_config_service_win.cc(712)] Failed to read DnsConfig.
[0227/231930.090:WARNING:dns_config_service_win.cc(712)] Failed to read DnsConfig.
[0227/231931.002:WARNING:dns_config_service_win.cc(712)] Failed to read DnsConfig.
[0227/231935.044:WARNING:dns_config_service_win.cc(712)] Failed to read DnsConfig.
[0227/231935.093:WARNING:dns_config_service_win.cc(712)] Failed to read DnsConfig.
[0227/231936.008:WARNING:dns_config_service_win.cc(712)] Failed to read DnsConfig.
[0227/231940.048:WARNING:dns_config_service_win.cc(712)] Failed to read DnsConfig.
[0227/231940.097:WARNING:dns_config_service_win.cc(712)] Failed to read DnsConfig.
[0227/231941.023:WARNING:dns_config_service_win.cc(712)] Failed to read DnsConfig.
[0227/231945.052:WARNING:dns_config_service_win.cc(712)] Failed to read DnsConfig.
[0227/231945.100:WARNING:dns_config_service_win.cc(712)] Failed to read DnsConfig.
[0227/231946.026:WARNING:dns_config_service_win.cc(712)] Failed to read DnsConfig.
[0227/231950.056:WARNING:dns_config_service_win.cc(712)] Failed to read DnsConfig.
[0227/231950.104:WARNING:dns_config_service_win.cc(712)] Failed to read DnsConfig.
[0227/231951.035:WARNING:dns_config_service_win.cc(712)] Failed to read DnsConfig.
[0227/231955.059:WARNING:dns_config_service_win.cc(712)] Failed to read DnsConfig.
[0227/231955.107:WARNING:dns_config_service_win.cc(712)] Failed to read DnsConfig.
[0227/231956.046:WARNING:dns_config_service_win.cc(712)] Failed to read DnsConfig.
[0227/232000.063:WARNING:dns_config_service_win.cc(712)] Failed to read DnsConfig.
[0227/232000.110:WARNING:dns_config_service_win.cc(712)] Failed to read DnsConfig.
[0227/232001.063:WARNING:dns_config_service_win.cc(712)] Failed to read DnsConfig.
[0227/232005.067:WARNING:dns_config_service_win.cc(712)] Failed to read DnsConfig.
[0227/232005.113:WARNING:dns_config_service_win.cc(712)] Failed to read DnsConfig.
[0227/232006.076:WARNING:dns_config_service_win.cc(712)] Failed to read DnsConfig.
[0227/232010.070:WARNING:dns_config_service_win.cc(712)] Failed to read DnsConfig.
[0227/232010.117:WARNING:dns_config_service_win.cc(712)] Failed to read DnsConfig.
[0227/232011.081:WARNING:dns_config_service_win.cc(712)] Failed to read DnsConfig.
[0227/232015.072:WARNING:dns_config_service_win.cc(712)] Failed to read DnsConfig.
[0227/232015.120:WARNING:dns_config_service_win.cc(712)] Failed to read DnsConfig.
[0227/232016.093:WARNING:dns_config_service_win.cc(712)] Failed to read DnsConfig.
[0227/232020.076:WARNING:dns_config_service_win.cc(712)] Failed to read DnsConfig.
[0227/232020.123:WARNING:dns_config_service_win.cc(712)] Failed to read DnsConfig.
[0227/232021.100:WARNING:dns_config_service_win.cc(712)] Failed to read DnsConfig.
[0227/232025.079:WARNING:dns_config_service_win.cc(712)] Failed to read DnsConfig.
[0227/232025.127:WARNING:dns_config_service_win.cc(712)] Failed to read DnsConfig.
[0227/232026.102:WARNING:dns_config_service_win.cc(712)] Failed to read DnsConfig.
[0227/232030.083:WARNING:dns_config_service_win.cc(712)] Failed to read DnsConfig.
[0227/232030.130:WARNING:dns_config_service_win.cc(712)] Failed to read DnsConfig.
[0227/232031.106:WARNING:dns_config_service_win.cc(712)] Failed to read DnsConfig.
[0227/232035.087:WARNING:dns_config_service_win.cc(712)] Failed to read DnsConfig.
[0227/232035.134:WARNING:dns_config_service_win.cc(712)] Failed to read DnsConfig.
[0227/232036.113:WARNING:dns_config_service_win.cc(712)] Failed to read DnsConfig.
[0227/232040.090:WARNING:dns_config_service_win.cc(712)] Failed to read DnsConfig.
[0227/232040.136:WARNING:dns_config_service_win.cc(712)] Failed to read DnsConfig.
[0227/232041.121:WARNING:dns_config_service_win.cc(712)] Failed to read DnsConfig.
[0227/232045.094:WARNING:dns_config_service_win.cc(712)] Failed to read DnsConfig.
[0227/232045.140:WARNING:dns_config_service_win.cc(712)] Failed to read DnsConfig.
[0227/232046.125:WARNING:dns_config_service_win.cc(712)] Failed to read DnsConfig.
[0227/232050.098:WARNING:dns_config_service_win.cc(712)] Failed to read DnsConfig.
[0227/232050.142:WARNING:dns_config_service_win.cc(712)] Failed to read DnsConfig.
[0227/232051.141:WARNING:dns_config_service_win.cc(712)] Failed to read DnsConfig.
[0227/232055.102:WARNING:dns_config_service_win.cc(712)] Failed to read DnsConfig.
[0227/232055.145:WARNING:dns_config_service_win.cc(712)] Failed to read DnsConfig.
[0227/232056.160:WARNING:dns_config_service_win.cc(712)] Failed to read DnsConfig.
[0227/232100.105:WARNING:dns_config_service_win.cc(712)] Failed to read DnsConfig.
[0227/232100.148:WARNING:dns_config_service_win.cc(712)] Failed to read DnsConfig.
[0227/232101.165:WARNING:dns_config_service_win.cc(712)] Failed to read DnsConfig.
[0227/232105.109:WARNING:dns_config_service_win.cc(712)] Failed to read DnsConfig.
[0227/232105.151:WARNING:dns_config_service_win.cc(712)] Failed to read DnsConfig.
[0227/232106.177:WARNING:dns_config_service_win.cc(712)] Failed to read DnsConfig.
[0227/232110.113:WARNING:dns_config_service_win.cc(712)] Failed to read DnsConfig.
[0227/232110.159:WARNING:dns_config_service_win.cc(712)] Failed to read DnsConfig.
[0227/232111.190:WARNING:dns_config_service_win.cc(712)] Failed to read DnsConfig.
[0227/232115.116:WARNING:dns_config_service_win.cc(712)] Failed to read DnsConfig.
[0227/232115.162:WARNING:dns_config_service_win.cc(712)] Failed to read DnsConfig.
[0227/232116.204:WARNING:dns_config_service_win.cc(712)] Failed to read DnsConfig.
[0227/232120.121:WARNING:dns_config_service_win.cc(712)] Failed to read DnsConfig.
[0227/232120.166:WARNING:dns_config_service_win.cc(712)] Failed to read DnsConfig.
[0227/232121.213:WARNING:dns_config_service_win.cc(712)] Failed to read DnsConfig.
[0227/232125.123:WARNING:dns_config_service_win.cc(712)] Failed to read DnsConfig.
[0227/232125.169:WARNING:dns_config_service_win.cc(712)] Failed to read DnsConfig.
[0227/232126.226:WARNING:dns_config_service_win.cc(712)] Failed to read DnsConfig.
[0227/232130.127:WARNING:dns_config_service_win.cc(712)] Failed to read DnsConfig.
[0227/232130.172:WARNING:dns_config_service_win.cc(712)] Failed to read DnsConfig.
[0227/232131.232:WARNING:dns_config_service_win.cc(712)] Failed to read DnsConfig.
[0227/232135.130:WARNING:dns_config_service_win.cc(712)] Failed to read DnsConfig.
[0227/232135.176:WARNING:dns_config_service_win.cc(712)] Failed to read DnsConfig.
[0227/232136.237:WARNING:dns_config_service_win.cc(712)] Failed to read DnsConfig.
[0227/232140.134:WARNING:dns_config_service_win.cc(712)] Failed to read DnsConfig.
[0227/232140.180:WARNING:dns_config_service_win.cc(712)] Failed to read DnsConfig.
[0227/232141.249:WARNING:dns_config_service_win.cc(712)] Failed to read DnsConfig.
[0227/232145.137:WARNING:dns_config_service_win.cc(712)] Failed to read DnsConfig.
[0227/232145.184:WARNING:dns_config_service_win.cc(712)] Failed to read DnsConfig.
[0227/232146.258:WARNING:dns_config_service_win.cc(712)] Failed to read DnsConfig.
[0227/232150.141:WARNING:dns_config_service_win.cc(712)] Failed to read DnsConfig.
[0227/232150.188:WARNING:dns_config_service_win.cc(712)] Failed to read DnsConfig.
[0227/232151.263:WARNING:dns_config_service_win.cc(712)] Failed to read DnsConfig.
[0227/232155.144:WARNING:dns_config_service_win.cc(712)] Failed to read DnsConfig.
[0227/232155.192:WARNING:dns_config_service_win.cc(712)] Failed to read DnsConfig.
[0227/232156.271:WARNING:dns_config_service_win.cc(712)] Failed to read DnsConfig.
[0227/232200.146:WARNING:dns_config_service_win.cc(712)] Failed to read DnsConfig.
[0227/232200.195:WARNING:dns_config_service_win.cc(712)] Failed to read DnsConfig.
[0227/232201.282:WARNING:dns_config_service_win.cc(712)] Failed to read DnsConfig.
[0227/232205.148:WARNING:dns_config_service_win.cc(712)] Failed to read DnsConfig.
[0227/232205.199:WARNING:dns_config_service_win.cc(712)] Failed to read DnsConfig.
[0227/232206.289:WARNING:dns_config_service_win.cc(712)] Failed to read DnsConfig.
[0227/232210.152:WARNING:dns_config_service_win.cc(712)] Failed to read DnsConfig.
[0227/232210.202:WARNING:dns_config_service_win.cc(712)] Failed to read DnsConfig.
[0227/232211.292:WARNING:dns_config_service_win.cc(712)] Failed to read DnsConfig.
[0227/232215.155:WARNING:dns_config_service_win.cc(712)] Failed to read DnsConfig.
[0227/232215.207:WARNING:dns_config_service_win.cc(712)] Failed to read DnsConfig.
[0227/232216.309:WARNING:dns_config_service_win.cc(712)] Failed to read DnsConfig.
[0227/232220.159:WARNING:dns_config_service_win.cc(712)] Failed to read DnsConfig.
[0227/232220.209:WARNING:dns_config_service_win.cc(712)] Failed to read DnsConfig.
[0227/232221.311:WARNING:dns_config_service_win.cc(712)] Failed to read DnsConfig.
[0227/232225.162:WARNING:dns_config_service_win.cc(712)] Failed to read DnsConfig.
[0227/232225.213:WARNING:dns_config_service_win.cc(712)] Failed to read DnsConfig.
[0227/232226.318:WARNING:dns_config_service_win.cc(712)] Failed to read DnsConfig.
[0227/232230.165:WARNING:dns_config_service_win.cc(712)] Failed to read DnsConfig.
[0227/232230.216:WARNING:dns_config_service_win.cc(712)] Failed to read DnsConfig.
[0227/232231.323:WARNING:dns_config_service_win.cc(712)] Failed to read DnsConfig.
[0227/232235.168:WARNING:dns_config_service_win.cc(712)] Failed to read DnsConfig.
[0227/232235.220:WARNING:dns_config_service_win.cc(712)] Failed to read DnsConfig.
[0227/232236.333:WARNING:dns_config_service_win.cc(712)] Failed to read DnsConfig.
[0227/232240.170:WARNING:dns_config_service_win.cc(712)] Failed to read DnsConfig.
[0227/232240.224:WARNING:dns_config_service_win.cc(712)] Failed to read DnsConfig.
[0227/232241.342:WARNING:dns_config_service_win.cc(712)] Failed to read DnsConfig.
[0227/232245.173:WARNING:dns_config_service_win.cc(712)] Failed to read DnsConfig.
[0227/232245.227:WARNING:dns_config_service_win.cc(712)] Failed to read DnsConfig.
[0227/232246.346:WARNING:dns_config_service_win.cc(712)] Failed to read DnsConfig.
[0227/232250.177:WARNING:dns_config_service_win.cc(712)] Failed to read DnsConfig.
[0227/232250.231:WARNING:dns_config_service_win.cc(712)] Failed to read DnsConfig.
[0227/232251.354:WARNING:dns_config_service_win.cc(712)] Failed to read DnsConfig.
[0227/232255.180:WARNING:dns_config_service_win.cc(712)] Failed to read DnsConfig.
[0227/232255.233:WARNING:dns_config_service_win.cc(712)] Failed to read DnsConfig.
[0227/232256.365:WARNING:dns_config_service_win.cc(712)] Failed to read DnsConfig.
[0227/232300.183:WARNING:dns_config_service_win.cc(712)] Failed to read DnsConfig.
[0227/232300.237:WARNING:dns_config_service_win.cc(712)] Failed to read DnsConfig.
[0227/232301.382:WARNING:dns_config_service_win.cc(712)] Failed to read DnsConfig.
[0227/232305.186:WARNING:dns_config_service_win.cc(712)] Failed to read DnsConfig.
[0227/232305.240:WARNING:dns_config_service_win.cc(712)] Failed to read DnsConfig.
[0227/232306.388:WARNING:dns_config_service_win.cc(712)] Failed to read DnsConfig.
[0227/232310.189:WARNING:dns_config_service_win.cc(712)] Failed to read DnsConfig.
[0227/232310.244:WARNING:dns_config_service_win.cc(712)] Failed to read DnsConfig.
[0227/232311.394:WARNING:dns_config_service_win.cc(712)] Failed to read DnsConfig.
[0227/232315.193:WARNING:dns_config_service_win.cc(712)] Failed to read DnsConfig.
[0227/232315.247:WARNING:dns_config_service_win.cc(712)] Failed to read DnsConfig.
[0227/232316.404:WARNING:dns_config_service_win.cc(712)] Failed to read DnsConfig.
[0227/232320.197:WARNING:dns_config_service_win.cc(712)] Failed to read DnsConfig.
[0227/232320.250:WARNING:dns_config_service_win.cc(712)] Failed to read DnsConfig.
[0227/232321.413:WARNING:dns_config_service_win.cc(712)] Failed to read DnsConfig.
[0227/232325.201:WARNING:dns_config_service_win.cc(712)] Failed to read DnsConfig.
[0227/232325.253:WARNING:dns_config_service_win.cc(712)] Failed to read DnsConfig.
[0227/232326.420:WARNING:dns_config_service_win.cc(712)] Failed to read DnsConfig.
[0227/232330.204:WARNING:dns_config_service_win.cc(712)] Failed to read DnsConfig.
[0227/232330.256:WARNING:dns_config_service_win.cc(712)] Failed to read DnsConfig.
[0227/232331.435:WARNING:dns_config_service_win.cc(712)] Failed to read DnsConfig.
[0227/232335.207:WARNING:dns_config_service_win.cc(712)] Failed to read DnsConfig.
[0227/232335.261:WARNING:dns_config_service_win.cc(712)] Failed to read DnsConfig.
[0227/232336.445:WARNING:dns_config_service_win.cc(712)] Failed to read DnsConfig.
[0227/232340.210:WARNING:dns_config_service_win.cc(712)] Failed to read DnsConfig.
[0227/232340.264:WARNING:dns_config_service_win.cc(712)] Failed to read DnsConfig.
[0227/232341.451:WARNING:dns_config_service_win.cc(712)] Failed to read DnsConfig.
[0227/232345.213:WARNING:dns_config_service_win.cc(712)] Failed to read DnsConfig.
[0227/232345.267:WARNING:dns_config_service_win.cc(712)] Failed to read DnsConfig.
[0227/232346.460:WARNING:dns_config_service_win.cc(712)] Failed to read DnsConfig.
[0227/232350.218:WARNING:dns_config_service_win.cc(712)] Failed to read DnsConfig.
[0227/232350.271:WARNING:dns_config_service_win.cc(712)] Failed to read DnsConfig.
[0227/232351.476:WARNING:dns_config_service_win.cc(712)] Failed to read DnsConfig.
[0227/232355.221:WARNING:dns_config_service_win.cc(712)] Failed to read DnsConfig.
[0227/232355.275:WARNING:dns_config_service_win.cc(712)] Failed to read DnsConfig.
[0227/232356.488:WARNING:dns_config_service_win.cc(712)] Failed to read DnsConfig.
[0227/232400.225:WARNING:dns_config_service_win.cc(712)] Failed to read DnsConfig.
[0227/232400.279:WARNING:dns_config_service_win.cc(712)] Failed to read DnsConfig.
[0227/232401.490:WARNING:dns_config_service_win.cc(712)] Failed to read DnsConfig.
[0227/232405.229:WARNING:dns_config_service_win.cc(712)] Failed to read DnsConfig.
[0227/232405.281:WARNING:dns_config_service_win.cc(712)] Failed to read DnsConfig.
[0227/232406.499:WARNING:dns_config_service_win.cc(712)] Failed to read DnsConfig.
[0227/232410.232:WARNING:dns_config_service_win.cc(712)] Failed to read DnsConfig.
[0227/232410.285:WARNING:dns_config_service_win.cc(712)] Failed to read DnsConfig.
[0227/232411.514:WARNING:dns_config_service_win.cc(712)] Failed to read DnsConfig.
[0227/232415.235:WARNING:dns_config_service_win.cc(712)] Failed to read DnsConfig.
[0227/232415.287:WARNING:dns_config_service_win.cc(712)] Failed to read DnsConfig.
[0227/232416.523:WARNING:dns_config_service_win.cc(712)] Failed to read DnsConfig.
[0227/232420.239:WARNING:dns_config_service_win.cc(712)] Failed to read DnsConfig.
[0227/232420.290:WARNING:dns_config_service_win.cc(712)] Failed to read DnsConfig.
[0227/232421.537:WARNING:dns_config_service_win.cc(712)] Failed to read DnsConfig.
[0227/232425.243:WARNING:dns_config_service_win.cc(712)] Failed to read DnsConfig.
[0227/232425.292:WARNING:dns_config_service_win.cc(712)] Failed to read DnsConfig.
[0227/232426.552:WARNING:dns_config_service_win.cc(712)] Failed to read DnsConfig.
[0227/232430.245:WARNING:dns_config_service_win.cc(712)] Failed to read DnsConfig.
[0227/232430.295:WARNING:dns_config_service_win.cc(712)] Failed to read DnsConfig.
[0227/232431.555:WARNING:dns_config_service_win.cc(712)] Failed to read DnsConfig.
[0227/232435.248:WARNING:dns_config_service_win.cc(712)] Failed to read DnsConfig.
[0227/232435.298:WARNING:dns_config_service_win.cc(712)] Failed to read DnsConfig.
[0227/232436.573:WARNING:dns_config_service_win.cc(712)] Failed to read DnsConfig.
[0227/232440.251:WARNING:dns_config_service_win.cc(712)] Failed to read DnsConfig.
[0227/232440.303:WARNING:dns_config_service_win.cc(712)] Failed to read DnsConfig.
[0227/232441.589:WARNING:dns_config_service_win.cc(712)] Failed to read DnsConfig.
[0227/232445.254:WARNING:dns_config_service_win.cc(712)] Failed to read DnsConfig.
[0227/232445.305:WARNING:dns_config_service_win.cc(712)] Failed to read DnsConfig.
[0227/232446.593:WARNING:dns_config_service_win.cc(712)] Failed to read DnsConfig.
[0227/232450.258:WARNING:dns_config_service_win.cc(712)] Failed to read DnsConfig.
[0227/232450.308:WARNING:dns_config_service_win.cc(712)] Failed to read DnsConfig.
[0227/232451.596:WARNING:dns_config_service_win.cc(712)] Failed to read DnsConfig.
[0227/232455.260:WARNING:dns_config_service_win.cc(712)] Failed to read DnsConfig.
[0227/232455.312:WARNING:dns_config_service_win.cc(712)] Failed to read DnsConfig.
[0227/232456.600:WARNING:dns_config_service_win.cc(712)] Failed to read DnsConfig.
[0227/232500.264:WARNING:dns_config_service_win.cc(712)] Failed to read DnsConfig.
[0227/232500.314:WARNING:dns_config_service_win.cc(712)] Failed to read DnsConfig.
[0227/232501.604:WARNING:dns_config_service_win.cc(712)] Failed to read DnsConfig.
[0227/232505.267:WARNING:dns_config_service_win.cc(712)] Failed to read DnsConfig.
[0227/232505.317:WARNING:dns_config_service_win.cc(712)] Failed to read DnsConfig.
[0227/232506.620:WARNING:dns_config_service_win.cc(712)] Failed to read DnsConfig.
[0227/232510.270:WARNING:dns_config_service_win.cc(712)] Failed to read DnsConfig.
[0227/232510.320:WARNING:dns_config_service_win.cc(712)] Failed to read DnsConfig.
[0227/232511.625:WARNING:dns_config_service_win.cc(712)] Failed to read DnsConfig.
[0227/232515.274:WARNING:dns_config_service_win.cc(712)] Failed to read DnsConfig.
[0227/232515.324:WARNING:dns_config_service_win.cc(712)] Failed to read DnsConfig.
[0227/232516.633:WARNING:dns_config_service_win.cc(712)] Failed to read DnsConfig.
[0227/232520.278:WARNING:dns_config_service_win.cc(712)] Failed to read DnsConfig.
[0227/232520.328:WARNING:dns_config_service_win.cc(712)] Failed to read DnsConfig.
[0227/232521.638:WARNING:dns_config_service_win.cc(712)] Failed to read DnsConfig.
[0227/232525.283:WARNING:dns_config_service_win.cc(712)] Failed to read DnsConfig.
[0227/232525.331:WARNING:dns_config_service_win.cc(712)] Failed to read DnsConfig.
[0227/232526.646:WARNING:dns_config_service_win.cc(712)] Failed to read DnsConfig.
[0227/232530.285:WARNING:dns_config_service_win.cc(712)] Failed to read DnsConfig.
[0227/232530.334:WARNING:dns_config_service_win.cc(712)] Failed to read DnsConfig.
[0227/232531.660:WARNING:dns_config_service_win.cc(712)] Failed to read DnsConfig.
[0227/232535.288:WARNING:dns_config_service_win.cc(712)] Failed to read DnsConfig.
[0227/232535.336:WARNING:dns_config_service_win.cc(712)] Failed to read DnsConfig.
[0227/232536.671:WARNING:dns_config_service_win.cc(712)] Failed to read DnsConfig.
[0227/232540.291:WARNING:dns_config_service_win.cc(712)] Failed to read DnsConfig.
[0227/232540.339:WARNING:dns_config_service_win.cc(712)] Failed to read DnsConfig.
[0227/232541.678:WARNING:dns_config_service_win.cc(712)] Failed to read DnsConfig.
[0227/232545.295:WARNING:dns_config_service_win.cc(712)] Failed to read DnsConfig.
[0227/232545.343:WARNING:dns_config_service_win.cc(712)] Failed to read DnsConfig.
[0227/232546.696:WARNING:dns_config_service_win.cc(712)] Failed to read DnsConfig.
[0227/232550.298:WARNING:dns_config_service_win.cc(712)] Failed to read DnsConfig.
[0227/232550.347:WARNING:dns_config_service_win.cc(712)] Failed to read DnsConfig.
[0227/232551.706:WARNING:dns_config_service_win.cc(712)] Failed to read DnsConfig.
[0227/232555.301:WARNING:dns_config_service_win.cc(712)] Failed to read DnsConfig.
[0227/232555.350:WARNING:dns_config_service_win.cc(712)] Failed to read DnsConfig.
[0227/232556.720:WARNING:dns_config_service_win.cc(712)] Failed to read DnsConfig.
[0227/232600.303:WARNING:dns_config_service_win.cc(712)] Failed to read DnsConfig.
[0227/232600.353:WARNING:dns_config_service_win.cc(712)] Failed to read DnsConfig.
[0227/232601.723:WARNING:dns_config_service_win.cc(712)] Failed to read DnsConfig.
[0227/232605.306:WARNING:dns_config_service_win.cc(712)] Failed to read DnsConfig.
[0227/232605.355:WARNING:dns_config_service_win.cc(712)] Failed to read DnsConfig.
[0227/232606.730:WARNING:dns_config_service_win.cc(712)] Failed to read DnsConfig.
[0227/232610.310:WARNING:dns_config_service_win.cc(712)] Failed to read DnsConfig.
[0227/232610.358:WARNING:dns_config_service_win.cc(712)] Failed to read DnsConfig.
[0227/232611.742:WARNING:dns_config_service_win.cc(712)] Failed to read DnsConfig.
[0227/232615.313:WARNING:dns_config_service_win.cc(712)] Failed to read DnsConfig.
[0227/232615.362:WARNING:dns_config_service_win.cc(712)] Failed to read DnsConfig.
[0227/232616.748:WARNING:dns_config_service_win.cc(712)] Failed to read DnsConfig.
[0227/232620.315:WARNING:dns_config_service_win.cc(712)] Failed to read DnsConfig.
[0227/232620.365:WARNING:dns_config_service_win.cc(712)] Failed to read DnsConfig.
[0227/232621.759:WARNING:dns_config_service_win.cc(712)] Failed to read DnsConfig.
[0227/232625.318:WARNING:dns_config_service_win.cc(712)] Failed to read DnsConfig.
[0227/232625.369:WARNING:dns_config_service_win.cc(712)] Failed to read DnsConfig.
[0227/232626.776:WARNING:dns_config_service_win.cc(712)] Failed to read DnsConfig.
[0227/232630.322:WARNING:dns_config_service_win.cc(712)] Failed to read DnsConfig.
[0227/232630.373:WARNING:dns_config_service_win.cc(712)] Failed to read DnsConfig.
[0227/232631.784:WARNING:dns_config_service_win.cc(712)] Failed to read DnsConfig.
[0227/232635.325:WARNING:dns_config_service_win.cc(712)] Failed to read DnsConfig.
[0227/232635.376:WARNING:dns_config_service_win.cc(712)] Failed to read DnsConfig.
[0227/232636.787:WARNING:dns_config_service_win.cc(712)] Failed to read DnsConfig.
[0227/232640.328:WARNING:dns_config_service_win.cc(712)] Failed to read DnsConfig.
[0227/232640.380:WARNING:dns_config_service_win.cc(712)] Failed to read DnsConfig.
[0227/232641.804:WARNING:dns_config_service_win.cc(712)] Failed to read DnsConfig.
[0227/232645.331:WARNING:dns_config_service_win.cc(712)] Failed to read DnsConfig.
[0227/232645.383:WARNING:dns_config_service_win.cc(712)] Failed to read DnsConfig.
[0227/232646.807:WARNING:dns_config_service_win.cc(712)] Failed to read DnsConfig.
[0227/232650.334:WARNING:dns_config_service_win.cc(712)] Failed to read DnsConfig.
[0227/232650.388:WARNING:dns_config_service_win.cc(712)] Failed to read DnsConfig.
[0227/232651.812:WARNING:dns_config_service_win.cc(712)] Failed to read DnsConfig.
[0227/232655.336:WARNING:dns_config_service_win.cc(712)] Failed to read DnsConfig.
[0227/232655.392:WARNING:dns_config_service_win.cc(712)] Failed to read DnsConfig.
[0227/232656.830:WARNING:dns_config_service_win.cc(712)] Failed to read DnsConfig.
[0227/232700.339:WARNING:dns_config_service_win.cc(712)] Failed to read DnsConfig.
[0227/232700.394:WARNING:dns_config_service_win.cc(712)] Failed to read DnsConfig.
[0227/232701.834:WARNING:dns_config_service_win.cc(712)] Failed to read DnsConfig.
[0227/232705.343:WARNING:dns_config_service_win.cc(712)] Failed to read DnsConfig.
[0227/232705.398:WARNING:dns_config_service_win.cc(712)] Failed to read DnsConfig.
[0227/232706.842:WARNING:dns_config_service_win.cc(712)] Failed to read DnsConfig.
[0227/232710.347:WARNING:dns_config_service_win.cc(712)] Failed to read DnsConfig.
[0227/232710.400:WARNING:dns_config_service_win.cc(712)] Failed to read DnsConfig.
[0227/232711.850:WARNING:dns_config_service_win.cc(712)] Failed to read DnsConfig.
[0227/232715.351:WARNING:dns_config_service_win.cc(712)] Failed to read DnsConfig.
[0227/232715.405:WARNING:dns_config_service_win.cc(712)] Failed to read DnsConfig.
[0227/232716.857:WARNING:dns_config_service_win.cc(712)] Failed to read DnsConfig.
[0227/232720.354:WARNING:dns_config_service_win.cc(712)] Failed to read DnsConfig.
[0227/232720.408:WARNING:dns_config_service_win.cc(712)] Failed to read DnsConfig.
[0227/232721.872:WARNING:dns_config_service_win.cc(712)] Failed to read DnsConfig.
[0227/232725.359:WARNING:dns_config_service_win.cc(712)] Failed to read DnsConfig.
[0227/232725.412:WARNING:dns_config_service_win.cc(712)] Failed to read DnsConfig.
[0227/232726.874:WARNING:dns_config_service_win.cc(712)] Failed to read DnsConfig.
[0227/232730.363:WARNING:dns_config_service_win.cc(712)] Failed to read DnsConfig.
[0227/232730.415:WARNING:dns_config_service_win.cc(712)] Failed to read DnsConfig.
[0227/232731.889:WARNING:dns_config_service_win.cc(712)] Failed to read DnsConfig.
[0227/232735.366:WARNING:dns_config_service_win.cc(712)] Failed to read DnsConfig.
[0227/232735.418:WARNING:dns_config_service_win.cc(712)] Failed to read DnsConfig.
[0227/232736.905:WARNING:dns_config_service_win.cc(712)] Failed to read DnsConfig.
[0227/232740.368:WARNING:dns_config_service_win.cc(712)] Failed to read DnsConfig.
[0227/232740.422:WARNING:dns_config_service_win.cc(712)] Failed to read DnsConfig.
[0227/232741.919:WARNING:dns_config_service_win.cc(712)] Failed to read DnsConfig.
[0227/232745.371:WARNING:dns_config_service_win.cc(712)] Failed to read DnsConfig.
[0227/232745.425:WARNING:dns_config_service_win.cc(712)] Failed to read DnsConfig.
[0227/232746.925:WARNING:dns_config_service_win.cc(712)] Failed to read DnsConfig.
[0227/232750.374:WARNING:dns_config_service_win.cc(712)] Failed to read DnsConfig.
[0227/232750.428:WARNING:dns_config_service_win.cc(712)] Failed to read DnsConfig.
[0227/232751.929:WARNING:dns_config_service_win.cc(712)] Failed to read DnsConfig.
[0227/232755.378:WARNING:dns_config_service_win.cc(712)] Failed to read DnsConfig.
[0227/232755.433:WARNING:dns_config_service_win.cc(712)] Failed to read DnsConfig.
[0227/232756.946:WARNING:dns_config_service_win.cc(712)] Failed to read DnsConfig.
[0227/232800.381:WARNING:dns_config_service_win.cc(712)] Failed to read DnsConfig.
[0227/232800.436:WARNING:dns_config_service_win.cc(712)] Failed to read DnsConfig.
[0227/232801.954:WARNING:dns_config_service_win.cc(712)] Failed to read DnsConfig.
[0227/232805.385:WARNING:dns_config_service_win.cc(712)] Failed to read DnsConfig.
[0227/232805.439:WARNING:dns_config_service_win.cc(712)] Failed to read DnsConfig.
[0227/232806.970:WARNING:dns_config_service_win.cc(712)] Failed to read DnsConfig.
[0227/232810.389:WARNING:dns_config_service_win.cc(712)] Failed to read DnsConfig.
[0227/232810.441:WARNING:dns_config_service_win.cc(712)] Failed to read DnsConfig.
[0227/232811.978:WARNING:dns_config_service_win.cc(712)] Failed to read DnsConfig.
[0227/232815.393:WARNING:dns_config_service_win.cc(712)] Failed to read DnsConfig.
[0227/232815.446:WARNING:dns_config_service_win.cc(712)] Failed to read DnsConfig.
[0227/232816.993:WARNING:dns_config_service_win.cc(712)] Failed to read DnsConfig.
[0227/232820.397:WARNING:dns_config_service_win.cc(712)] Failed to read DnsConfig.
[0227/232820.448:WARNING:dns_config_service_win.cc(712)] Failed to read DnsConfig.
[0227/232821.998:WARNING:dns_config_service_win.cc(712)] Failed to read DnsConfig.
[0227/232825.402:WARNING:dns_config_service_win.cc(712)] Failed to read DnsConfig.
[0227/232825.453:WARNING:dns_config_service_win.cc(712)] Failed to read DnsConfig.
[0227/232827.006:WARNING:dns_config_service_win.cc(712)] Failed to read DnsConfig.
[0227/232830.407:WARNING:dns_config_service_win.cc(712)] Failed to read DnsConfig.
[0227/232830.459:WARNING:dns_config_service_win.cc(712)] Failed to read DnsConfig.
[0227/232832.016:WARNING:dns_config_service_win.cc(712)] Failed to read DnsConfig.
[0227/232835.410:WARNING:dns_config_service_win.cc(712)] Failed to read DnsConfig.
[0227/232835.461:WARNING:dns_config_service_win.cc(712)] Failed to read DnsConfig.
[0227/232837.024:WARNING:dns_config_service_win.cc(712)] Failed to read DnsConfig.
[0227/232840.413:WARNING:dns_config_service_win.cc(712)] Failed to read DnsConfig.
[0227/232840.466:WARNING:dns_config_service_win.cc(712)] Failed to read DnsConfig.
[0227/232842.039:WARNING:dns_config_service_win.cc(712)] Failed to read DnsConfig.
[0227/232845.416:WARNING:dns_config_service_win.cc(712)] Failed to read DnsConfig.
[0227/232845.469:WARNING:dns_config_service_win.cc(712)] Failed to read DnsConfig.
[0227/232847.052:WARNING:dns_config_service_win.cc(712)] Failed to read DnsConfig.
[0227/232850.420:WARNING:dns_config_service_win.cc(712)] Failed to read DnsConfig.
[0227/232850.472:WARNING:dns_config_service_win.cc(712)] Failed to read DnsConfig.
[0227/232852.069:WARNING:dns_config_service_win.cc(712)] Failed to read DnsConfig.
[0227/232855.423:WARNING:dns_config_service_win.cc(712)] Failed to read DnsConfig.
[0227/232855.475:WARNING:dns_config_service_win.cc(712)] Failed to read DnsConfig.
[0227/232857.079:WARNING:dns_config_service_win.cc(712)] Failed to read DnsConfig.
[0227/232900.425:WARNING:dns_config_service_win.cc(712)] Failed to read DnsConfig.
[0227/232900.478:WARNING:dns_config_service_win.cc(712)] Failed to read DnsConfig.
[0227/232902.093:WARNING:dns_config_service_win.cc(712)] Failed to read DnsConfig.
[0227/232905.428:WARNING:dns_config_service_win.cc(712)] Failed to read DnsConfig.
[0227/232905.482:WARNING:dns_config_service_win.cc(712)] Failed to read DnsConfig.
[0227/232907.108:WARNING:dns_config_service_win.cc(712)] Failed to read DnsConfig.
[0227/232910.431:WARNING:dns_config_service_win.cc(712)] Failed to read DnsConfig.
[0227/232910.484:WARNING:dns_config_service_win.cc(712)] Failed to read DnsConfig.
[0227/232912.126:WARNING:dns_config_service_win.cc(712)] Failed to read DnsConfig.
[0227/232915.434:WARNING:dns_config_service_win.cc(712)] Failed to read DnsConfig.
[0227/232915.486:WARNING:dns_config_service_win.cc(712)] Failed to read DnsConfig.
[0227/232917.142:WARNING:dns_config_service_win.cc(712)] Failed to read DnsConfig.
[0227/232920.438:WARNING:dns_config_service_win.cc(712)] Failed to read DnsConfig.
[0227/232920.490:WARNING:dns_config_service_win.cc(712)] Failed to read DnsConfig.
[0227/232922.146:WARNING:dns_config_service_win.cc(712)] Failed to read DnsConfig.
[0227/232925.442:WARNING:dns_config_service_win.cc(712)] Failed to read DnsConfig.
[0227/232925.493:WARNING:dns_config_service_win.cc(712)] Failed to read DnsConfig.
[0227/232927.157:WARNING:dns_config_service_win.cc(712)] Failed to read DnsConfig.
[0227/232930.444:WARNING:dns_config_service_win.cc(712)] Failed to read DnsConfig.
[0227/232930.497:WARNING:dns_config_service_win.cc(712)] Failed to read DnsConfig.
[0227/232932.170:WARNING:dns_config_service_win.cc(712)] Failed to read DnsConfig.
[0227/232935.448:WARNING:dns_config_service_win.cc(712)] Failed to read DnsConfig.
[0227/232935.499:WARNING:dns_config_service_win.cc(712)] Failed to read DnsConfig.
[0227/232937.179:WARNING:dns_config_service_win.cc(712)] Failed to read DnsConfig.
[0227/232940.452:WARNING:dns_config_service_win.cc(712)] Failed to read DnsConfig.
[0227/232940.503:WARNING:dns_config_service_win.cc(712)] Failed to read DnsConfig.
[0227/232942.190:WARNING:dns_config_service_win.cc(712)] Failed to read DnsConfig.
[0227/232945.455:WARNING:dns_config_service_win.cc(712)] Failed to read DnsConfig.
[0227/232945.507:WARNING:dns_config_service_win.cc(712)] Failed to read DnsConfig.
[0227/232947.194:WARNING:dns_config_service_win.cc(712)] Failed to read DnsConfig.
[0227/232950.458:WARNING:dns_config_service_win.cc(712)] Failed to read DnsConfig.
[0227/232950.510:WARNING:dns_config_service_win.cc(712)] Failed to read DnsConfig.
[0227/232952.204:WARNING:dns_config_service_win.cc(712)] Failed to read DnsConfig.
[0227/232955.462:WARNING:dns_config_service_win.cc(712)] Failed to read DnsConfig.
[0227/232955.514:WARNING:dns_config_service_win.cc(712)] Failed to read DnsConfig.
[0227/232957.208:WARNING:dns_config_service_win.cc(712)] Failed to read DnsConfig.
[0227/233000.465:WARNING:dns_config_service_win.cc(712)] Failed to read DnsConfig.
[0227/233000.516:WARNING:dns_config_service_win.cc(712)] Failed to read DnsConfig.
[0227/233002.214:WARNING:dns_config_service_win.cc(712)] Failed to read DnsConfig.
[0227/233005.468:WARNING:dns_config_service_win.cc(712)] Failed to read DnsConfig.
[0227/233005.519:WARNING:dns_config_service_win.cc(712)] Failed to read DnsConfig.
[0227/233007.229:WARNING:dns_config_service_win.cc(712)] Failed to read DnsConfig.
[0227/233010.471:WARNING:dns_config_service_win.cc(712)] Failed to read DnsConfig.
[0227/233010.523:WARNING:dns_config_service_win.cc(712)] Failed to read DnsConfig.
[0227/233012.240:WARNING:dns_config_service_win.cc(712)] Failed to read DnsConfig.
[0227/233015.474:WARNING:dns_config_service_win.cc(712)] Failed to read DnsConfig.
[0227/233015.527:WARNING:dns_config_service_win.cc(712)] Failed to read DnsConfig.
[0227/233017.245:WARNING:dns_config_service_win.cc(712)] Failed to read DnsConfig.
[0227/233020.477:WARNING:dns_config_service_win.cc(712)] Failed to read DnsConfig.
[0227/233020.530:WARNING:dns_config_service_win.cc(712)] Failed to read DnsConfig.
[0227/233022.259:WARNING:dns_config_service_win.cc(712)] Failed to read DnsConfig.
[0227/233025.480:WARNING:dns_config_service_win.cc(712)] Failed to read DnsConfig.
[0227/233025.533:WARNING:dns_config_service_win.cc(712)] Failed to read DnsConfig.
[0227/233027.270:WARNING:dns_config_service_win.cc(712)] Failed to read DnsConfig.
[0227/233027.597:WARNING:dns_config_service_win.cc(712)] Failed to read DnsConfig.
[0227/233027.597:WARNING:dns_config_service_win.cc(712)] Failed to read DnsConfig.
[0228/001341.868:WARNING:dns_config_service_win.cc(712)] Failed to read DnsConfig.
[0228/001341.868:WARNING:dns_config_service_win.cc(712)] Failed to read DnsConfig.
[0228/001341.885:WARNING:dns_config_service_win.cc(712)] Failed to read DnsConfig.
[0228/001341.886:WARNING:dns_config_service_win.cc(712)] Failed to read DnsConfig.
[0228/001346.871:WARNING:dns_config_service_win.cc(712)] Failed to read DnsConfig.
[0228/001346.882:WARNING:dns_config_service_win.cc(712)] Failed to read DnsConfig.
[0228/001346.892:WARNING:dns_config_service_win.cc(712)] Failed to read DnsConfig.
[0228/001346.892:WARNING:dns_config_service_win.cc(712)] Failed to read DnsConfig.
[0228/001351.875:WARNING:dns_config_service_win.cc(712)] Failed to read DnsConfig.
[0228/001351.888:WARNING:dns_config_service_win.cc(712)] Failed to read DnsConfig.
[0228/001351.896:WARNING:dns_config_service_win.cc(712)] Failed to read DnsConfig.
[0228/001351.896:WARNING:dns_config_service_win.cc(712)] Failed to read DnsConfig.
[0228/001356.880:WARNING:dns_config_service_win.cc(712)] Failed to read DnsConfig.
[0228/001356.899:WARNING:dns_config_service_win.cc(712)] Failed to read DnsConfig.
[0228/001356.908:WARNING:dns_config_service_win.cc(712)] Failed to read DnsConfig.
[0228/001401.885:WARNING:dns_config_service_win.cc(712)] Failed to read DnsConfig.
[0228/001401.903:WARNING:dns_config_service_win.cc(712)] Failed to read DnsConfig.
[0228/001401.926:WARNING:dns_config_service_win.cc(712)] Failed to read DnsConfig.
[0228/001406.888:WARNING:dns_config_service_win.cc(712)] Failed to read DnsConfig.
[0228/001406.906:WARNING:dns_config_service_win.cc(712)] Failed to read DnsConfig.
[0228/001406.939:WARNING:dns_config_service_win.cc(712)] Failed to read DnsConfig.
[0228/001411.891:WARNING:dns_config_service_win.cc(712)] Failed to read DnsConfig.
[0228/001411.909:WARNING:dns_config_service_win.cc(712)] Failed to read DnsConfig.
[0228/001411.955:WARNING:dns_config_service_win.cc(712)] Failed to read DnsConfig.
[0228/001416.895:WARNING:dns_config_service_win.cc(712)] Failed to read DnsConfig.
[0228/001416.913:WARNING:dns_config_service_win.cc(712)] Failed to read DnsConfig.
[0228/001416.965:WARNING:dns_config_service_win.cc(712)] Failed to read DnsConfig.
[0228/001421.898:WARNING:dns_config_service_win.cc(712)] Failed to read DnsConfig.
[0228/001421.918:WARNING:dns_config_service_win.cc(712)] Failed to read DnsConfig.
[0228/001421.975:WARNING:dns_config_service_win.cc(712)] Failed to read DnsConfig.
[0228/001426.900:WARNING:dns_config_service_win.cc(712)] Failed to read DnsConfig.
[0228/001426.920:WARNING:dns_config_service_win.cc(712)] Failed to read DnsConfig.
[0228/001426.990:WARNING:dns_config_service_win.cc(712)] Failed to read DnsConfig.
[0228/001431.905:WARNING:dns_config_service_win.cc(712)] Failed to read DnsConfig.
[0228/001431.925:WARNING:dns_config_service_win.cc(712)] Failed to read DnsConfig.
[0228/001431.996:WARNING:dns_config_service_win.cc(712)] Failed to read DnsConfig.
[0228/001436.909:WARNING:dns_config_service_win.cc(712)] Failed to read DnsConfig.
[0228/001436.928:WARNING:dns_config_service_win.cc(712)] Failed to read DnsConfig.
[0228/001437.007:WARNING:dns_config_service_win.cc(712)] Failed to read DnsConfig.
[0228/001441.911:WARNING:dns_config_service_win.cc(712)] Failed to read DnsConfig.
[0228/001441.930:WARNING:dns_config_service_win.cc(712)] Failed to read DnsConfig.
[0228/001442.014:WARNING:dns_config_service_win.cc(712)] Failed to read DnsConfig.
[0228/001446.914:WARNING:dns_config_service_win.cc(712)] Failed to read DnsConfig.
[0228/001446.934:WARNING:dns_config_service_win.cc(712)] Failed to read DnsConfig.
[0228/001447.023:WARNING:dns_config_service_win.cc(712)] Failed to read DnsConfig.
[0228/001451.918:WARNING:dns_config_service_win.cc(712)] Failed to read DnsConfig.
[0228/001451.937:WARNING:dns_config_service_win.cc(712)] Failed to read DnsConfig.
[0228/001452.028:WARNING:dns_config_service_win.cc(712)] Failed to read DnsConfig.
[0228/001456.921:WARNING:dns_config_service_win.cc(712)] Failed to read DnsConfig.
[0228/001456.940:WARNING:dns_config_service_win.cc(712)] Failed to read DnsConfig.
[0228/001457.037:WARNING:dns_config_service_win.cc(712)] Failed to read DnsConfig.
[0228/001501.924:WARNING:dns_config_service_win.cc(712)] Failed to read DnsConfig.
[0228/001501.943:WARNING:dns_config_service_win.cc(712)] Failed to read DnsConfig.
[0228/001502.049:WARNING:dns_config_service_win.cc(712)] Failed to read DnsConfig.
[0228/001506.928:WARNING:dns_config_service_win.cc(712)] Failed to read DnsConfig.
[0228/001506.946:WARNING:dns_config_service_win.cc(712)] Failed to read DnsConfig.
[0228/001507.056:WARNING:dns_config_service_win.cc(712)] Failed to read DnsConfig.
[0228/001511.930:WARNING:dns_config_service_win.cc(712)] Failed to read DnsConfig.
[0228/001511.950:WARNING:dns_config_service_win.cc(712)] Failed to read DnsConfig.
[0228/001512.068:WARNING:dns_config_service_win.cc(712)] Failed to read DnsConfig.
[0228/001516.935:WARNING:dns_config_service_win.cc(712)] Failed to read DnsConfig.
[0228/001516.954:WARNING:dns_config_service_win.cc(712)] Failed to read DnsConfig.
[0228/001517.080:WARNING:dns_config_service_win.cc(712)] Failed to read DnsConfig.
[0228/001521.939:WARNING:dns_config_service_win.cc(712)] Failed to read DnsConfig.
[0228/001521.959:WARNING:dns_config_service_win.cc(712)] Failed to read DnsConfig.
[0228/001522.092:WARNING:dns_config_service_win.cc(712)] Failed to read DnsConfig.
[0228/001526.943:WARNING:dns_config_service_win.cc(712)] Failed to read DnsConfig.
[0228/001526.963:WARNING:dns_config_service_win.cc(712)] Failed to read DnsConfig.
[0228/001527.110:WARNING:dns_config_service_win.cc(712)] Failed to read DnsConfig.
[0228/001531.946:WARNING:dns_config_service_win.cc(712)] Failed to read DnsConfig.
[0228/001531.967:WARNING:dns_config_service_win.cc(712)] Failed to read DnsConfig.
[0228/001532.125:WARNING:dns_config_service_win.cc(712)] Failed to read DnsConfig.
[0228/001536.950:WARNING:dns_config_service_win.cc(712)] Failed to read DnsConfig.
[0228/001536.971:WARNING:dns_config_service_win.cc(712)] Failed to read DnsConfig.
[0228/001537.132:WARNING:dns_config_service_win.cc(712)] Failed to read DnsConfig.
[0228/001541.954:WARNING:dns_config_service_win.cc(712)] Failed to read DnsConfig.
[0228/001541.974:WARNING:dns_config_service_win.cc(712)] Failed to read DnsConfig.
[0228/001542.146:WARNING:dns_config_service_win.cc(712)] Failed to read DnsConfig.
[0228/001546.957:WARNING:dns_config_service_win.cc(712)] Failed to read DnsConfig.
[0228/001546.977:WARNING:dns_config_service_win.cc(712)] Failed to read DnsConfig.
[0228/001547.162:WARNING:dns_config_service_win.cc(712)] Failed to read DnsConfig.
[0228/001551.961:WARNING:dns_config_service_win.cc(712)] Failed to read DnsConfig.
[0228/001551.980:WARNING:dns_config_service_win.cc(712)] Failed to read DnsConfig.
[0228/001552.167:WARNING:dns_config_service_win.cc(712)] Failed to read DnsConfig.
[0228/001556.965:WARNING:dns_config_service_win.cc(712)] Failed to read DnsConfig.
[0228/001556.984:WARNING:dns_config_service_win.cc(712)] Failed to read DnsConfig.
[0228/001557.182:WARNING:dns_config_service_win.cc(712)] Failed to read DnsConfig.
[0228/001601.969:WARNING:dns_config_service_win.cc(712)] Failed to read DnsConfig.
[0228/001601.988:WARNING:dns_config_service_win.cc(712)] Failed to read DnsConfig.
[0228/001602.185:WARNING:dns_config_service_win.cc(712)] Failed to read DnsConfig.
[0228/001606.974:WARNING:dns_config_service_win.cc(712)] Failed to read DnsConfig.
[0228/001606.993:WARNING:dns_config_service_win.cc(712)] Failed to read DnsConfig.
[0228/001607.197:WARNING:dns_config_service_win.cc(712)] Failed to read DnsConfig.
[0228/001611.978:WARNING:dns_config_service_win.cc(712)] Failed to read DnsConfig.
[0228/001611.996:WARNING:dns_config_service_win.cc(712)] Failed to read DnsConfig.
[0228/001612.206:WARNING:dns_config_service_win.cc(712)] Failed to read DnsConfig.
[0228/001616.980:WARNING:dns_config_service_win.cc(712)] Failed to read DnsConfig.
[0228/001617.000:WARNING:dns_config_service_win.cc(712)] Failed to read DnsConfig.
[0228/001617.218:WARNING:dns_config_service_win.cc(712)] Failed to read DnsConfig.
[0228/001621.985:WARNING:dns_config_service_win.cc(712)] Failed to read DnsConfig.
[0228/001622.004:WARNING:dns_config_service_win.cc(712)] Failed to read DnsConfig.
[0228/001622.233:WARNING:dns_config_service_win.cc(712)] Failed to read DnsConfig.
[0228/001626.988:WARNING:dns_config_service_win.cc(712)] Failed to read DnsConfig.
[0228/001627.009:WARNING:dns_config_service_win.cc(712)] Failed to read DnsConfig.
[0228/001627.243:WARNING:dns_config_service_win.cc(712)] Failed to read DnsConfig.
[0228/001631.992:WARNING:dns_config_service_win.cc(712)] Failed to read DnsConfig.
[0228/001632.011:WARNING:dns_config_service_win.cc(712)] Failed to read DnsConfig.
[0228/001632.260:WARNING:dns_config_service_win.cc(712)] Failed to read DnsConfig.
[0228/001636.995:WARNING:dns_config_service_win.cc(712)] Failed to read DnsConfig.
[0228/001637.015:WARNING:dns_config_service_win.cc(712)] Failed to read DnsConfig.
[0228/001637.265:WARNING:dns_config_service_win.cc(712)] Failed to read DnsConfig.
[0228/001641.998:WARNING:dns_config_service_win.cc(712)] Failed to read DnsConfig.
[0228/001642.018:WARNING:dns_config_service_win.cc(712)] Failed to read DnsConfig.
[0228/001642.278:WARNING:dns_config_service_win.cc(712)] Failed to read DnsConfig.
[0228/001647.002:WARNING:dns_config_service_win.cc(712)] Failed to read DnsConfig.
[0228/001647.020:WARNING:dns_config_service_win.cc(712)] Failed to read DnsConfig.
[0228/001647.294:WARNING:dns_config_service_win.cc(712)] Failed to read DnsConfig.
[0228/001652.006:WARNING:dns_config_service_win.cc(712)] Failed to read DnsConfig.
[0228/001652.024:WARNING:dns_config_service_win.cc(712)] Failed to read DnsConfig.
[0228/001652.307:WARNING:dns_config_service_win.cc(712)] Failed to read DnsConfig.
